2026-01-05T23:14:27.912026Z  INFO telemetry: job_telemetry_init artifact_type=installed branch=094939693df ci_number=20251212.2 ci_name=CommonRuntime-RuntimeTeam-Linux-Prod-Build build_time=2025-12-13 07:26:08.657773
2026-01-05T23:14:27.912316Z  INFO load_config_from_env: lifecycler::config: Resolved grpc addresses lifecycler_address=/mnt/azureml/cr/j/2266a7ca08d34a7a8c88df5a0f8bd5ec/.grpc/lifecycler:0 executor_address=/mnt/azureml/cr/j/2266a7ca08d34a7a8c88df5a0f8bd5ec/.grpc/executor:0
2026-01-05T23:14:27.912699Z  INFO load_config_from_env:load_capability_addresses_from_env{capability_endpoints_from_config={"CS_CAPABILITY": CapabilityEndpoint { name: "CS_CAPABILITY", address: "/mnt/azureml/cr/j/2266a7ca08d34a7a8c88df5a0f8bd5ec/.grpc/cs-capability:0", type: Service }, "HOSTTOOLS_CAPABILITY": CapabilityEndpoint { name: "HOSTTOOLS_CAPABILITY", address: "/mnt/azureml/cr/j/2266a7ca08d34a7a8c88df5a0f8bd5ec/.grpc/hosttools-capability:0", type: Service }, "METRICS_CAPABILITY": CapabilityEndpoint { name: "METRICS_CAPABILITY", address: "/mnt/azureml/cr/j/2266a7ca08d34a7a8c88df5a0f8bd5ec/.grpc/metrics-capability:0", type: Service }, "SNAPSHOT_CAPABILITY": CapabilityEndpoint { name: "SNAPSHOT_CAPABILITY", address: "/mnt/azureml/cr/j/2266a7ca08d34a7a8c88df5a0f8bd5ec/.grpc/snapshot-capability:0", type: Service }}}: lifecycler::config: close time.busy=182µs time.idle=18.7µs
2026-01-05T23:14:27.912812Z  INFO load_config_from_env: lifecycler::config: close time.busy=621µs time.idle=17.3µs
2026-01-05T23:14:27.913576Z  INFO run_lifecycler:run_service_and_step_through_lifecycle: lifecycler::lifecycle: distributed config is not specified, skip setting up distributed barrier
2026-01-05T23:14:27.913705Z  INFO Lifecycler::run_service{lifecycler_abort_state_writer=Some(LifecyclerAbortStateWriter { lifecycler_wd: "/mnt/azureml/cr/j/2266a7ca08d34a7a8c88df5a0f8bd5ec/cap/lifecycler/wd" })}: lifecycler::service: serving lifecycle service address=/mnt/azureml/cr/j/2266a7ca08d34a7a8c88df5a0f8bd5ec/.grpc/lifecycler:0
2026-01-05T23:14:27.913728Z  INFO run_lifecycler:run_service_and_step_through_lifecycle: lifecycler::lifecycle: Trying to configure lifecycler to ignore termination signals
2026-01-05T23:14:27.913817Z  INFO run_lifecycler:run_service_and_step_through_lifecycle: cr_core: Successfully configured current process to ignore termination signals
2026-01-05T23:14:27.914008Z  INFO run_lifecycler:run_service_and_step_through_lifecycle:step_through_lifecycle:connect_capabilities:connect: grpc_utils::endpoint::connect: Connecting to gRPC service endpoint=Uds("/mnt/azureml/cr/j/2266a7ca08d34a7a8c88df5a0f8bd5ec/.grpc/cs-capability:0") retry=FixedIntervalRetry { attempt_timeout_millis: 50, retry_delay_millis: 10, max_duration: 7200s }
2026-01-05T23:14:27.914179Z  INFO Lifecycler::run_service{lifecycler_abort_state_writer=Some(LifecyclerAbortStateWriter { lifecycler_wd: "/mnt/azureml/cr/j/2266a7ca08d34a7a8c88df5a0f8bd5ec/cap/lifecycler/wd" })}:serve_more: grpc_utils::endpoint::serve: serving gRPC service endpoint=Uds("/mnt/azureml/cr/j/2266a7ca08d34a7a8c88df5a0f8bd5ec/.grpc/lifecycler:0") retry=ExponentialBackoffRetry { retry_delay_secs: 2, delay_factor: 1000, num_retries: 3 }
2026-01-05T23:14:57.770710Z  INFO run_lifecycler:run_service_and_step_through_lifecycle:step_through_lifecycle:connect_capabilities:connect: grpc_utils::endpoint::connect: Successfully connected to gRPC service endpoint=Uds("/mnt/azureml/cr/j/2266a7ca08d34a7a8c88df5a0f8bd5ec/.grpc/cs-capability:0")
2026-01-05T23:14:57.771181Z  INFO run_lifecycler:run_service_and_step_through_lifecycle:step_through_lifecycle:connect_capabilities:connect: grpc_utils::endpoint::connect: close time.busy=268ms time.idle=29.6s
2026-01-05T23:14:57.771382Z  INFO run_lifecycler:run_service_and_step_through_lifecycle:step_through_lifecycle:connect_capabilities:connect: grpc_utils::endpoint::connect: Connecting to gRPC service endpoint=Uds("/mnt/azureml/cr/j/2266a7ca08d34a7a8c88df5a0f8bd5ec/.grpc/cs-capability:0") retry=FixedIntervalRetry { attempt_timeout_millis: 50, retry_delay_millis: 10, max_duration: 7200s }
2026-01-05T23:14:57.772208Z  INFO run_lifecycler:run_service_and_step_through_lifecycle:step_through_lifecycle:connect_capabilities:connect: grpc_utils::endpoint::connect: Successfully connected to gRPC service endpoint=Uds("/mnt/azureml/cr/j/2266a7ca08d34a7a8c88df5a0f8bd5ec/.grpc/cs-capability:0")
2026-01-05T23:14:57.772390Z  INFO run_lifecycler:run_service_and_step_through_lifecycle:step_through_lifecycle:connect_capabilities:connect: grpc_utils::endpoint::connect: close time.busy=550µs time.idle=483µs
2026-01-05T23:14:57.772617Z  INFO run_lifecycler:run_service_and_step_through_lifecycle:step_through_lifecycle:connect_capabilities:wait_for_service_healthy: lifecycler::health_monitor: Waiting for service to become healthy: CS_CAPABILITY service_name=CS_CAPABILITY timeout=30s
2026-01-05T23:14:57.774062Z  WARN run_lifecycler:run_service_and_step_through_lifecycle:step_through_lifecycle:connect_capabilities:wait_for_service_healthy: grpc_utils::span: failed to inject span context to grpc request
2026-01-05T23:14:57.778183Z  INFO run_lifecycler:run_service_and_step_through_lifecycle:step_through_lifecycle:connect_capabilities:wait_for_service_healthy: lifecycler::health_client: Health status for service: CS_CAPABILITY service_name=CS_CAPABILITY health_status=1
2026-01-05T23:14:57.778586Z  INFO run_lifecycler:run_service_and_step_through_lifecycle:step_through_lifecycle:connect_capabilities:wait_for_service_healthy: lifecycler::health_monitor: Service has become healthy service_name=CS_CAPABILITY
2026-01-05T23:14:57.778668Z  INFO run_lifecycler:run_service_and_step_through_lifecycle:step_through_lifecycle:connect_capabilities:wait_for_service_healthy: lifecycler::health_monitor: close time.busy=2.06ms time.idle=4.00ms
2026-01-05T23:14:57.778812Z  INFO run_lifecycler:run_service_and_step_through_lifecycle:step_through_lifecycle:connect_capabilities:connect: grpc_utils::endpoint::connect: Connecting to gRPC service endpoint=Uds("/mnt/azureml/cr/j/2266a7ca08d34a7a8c88df5a0f8bd5ec/.grpc/hosttools-capability:0") retry=FixedIntervalRetry { attempt_timeout_millis: 50, retry_delay_millis: 10, max_duration: 7200s }
2026-01-05T23:14:57.779450Z  INFO run_lifecycler:run_service_and_step_through_lifecycle:step_through_lifecycle:connect_capabilities:connect: grpc_utils::endpoint::connect: Successfully connected to gRPC service endpoint=Uds("/mnt/azureml/cr/j/2266a7ca08d34a7a8c88df5a0f8bd5ec/.grpc/hosttools-capability:0")
2026-01-05T23:14:57.779601Z  INFO run_lifecycler:run_service_and_step_through_lifecycle:step_through_lifecycle:connect_capabilities:connect: grpc_utils::endpoint::connect: close time.busy=745µs time.idle=48.5µs
2026-01-05T23:14:57.779870Z  INFO run_lifecycler:run_service_and_step_through_lifecycle:step_through_lifecycle:connect_capabilities:connect: grpc_utils::endpoint::connect: Connecting to gRPC service endpoint=Uds("/mnt/azureml/cr/j/2266a7ca08d34a7a8c88df5a0f8bd5ec/.grpc/hosttools-capability:0") retry=FixedIntervalRetry { attempt_timeout_millis: 50, retry_delay_millis: 10, max_duration: 7200s }
2026-01-05T23:14:57.780570Z  INFO run_lifecycler:run_service_and_step_through_lifecycle:step_through_lifecycle:connect_capabilities:connect: grpc_utils::endpoint::connect: Successfully connected to gRPC service endpoint=Uds("/mnt/azureml/cr/j/2266a7ca08d34a7a8c88df5a0f8bd5ec/.grpc/hosttools-capability:0")
2026-01-05T23:14:57.780723Z  INFO run_lifecycler:run_service_and_step_through_lifecycle:step_through_lifecycle:connect_capabilities:connect: grpc_utils::endpoint::connect: close time.busy=434µs time.idle=423µs
2026-01-05T23:14:57.780776Z  INFO run_lifecycler:run_service_and_step_through_lifecycle:step_through_lifecycle:connect_capabilities:wait_for_service_healthy: lifecycler::health_monitor: Waiting for service to become healthy: HOSTTOOLS_CAPABILITY service_name=HOSTTOOLS_CAPABILITY timeout=30s
2026-01-05T23:14:57.780837Z  WARN run_lifecycler:run_service_and_step_through_lifecycle:step_through_lifecycle:connect_capabilities:wait_for_service_healthy: grpc_utils::span: failed to inject span context to grpc request
2026-01-05T23:14:57.781797Z  INFO run_lifecycler:run_service_and_step_through_lifecycle:step_through_lifecycle:connect_capabilities:wait_for_service_healthy: lifecycler::health_client: Health status for service: HOSTTOOLS_CAPABILITY service_name=HOSTTOOLS_CAPABILITY health_status=1
2026-01-05T23:14:57.781968Z  INFO run_lifecycler:run_service_and_step_through_lifecycle:step_through_lifecycle:connect_capabilities:wait_for_service_healthy: lifecycler::health_monitor: Service has become healthy service_name=HOSTTOOLS_CAPABILITY
2026-01-05T23:14:57.781993Z  INFO run_lifecycler:run_service_and_step_through_lifecycle:step_through_lifecycle:connect_capabilities:wait_for_service_healthy: lifecycler::health_monitor: close time.busy=374µs time.idle=847µs
2026-01-05T23:14:57.782216Z  INFO run_lifecycler:run_service_and_step_through_lifecycle:step_through_lifecycle:connect_capabilities:connect: grpc_utils::endpoint::connect: Connecting to gRPC service endpoint=Uds("/mnt/azureml/cr/j/2266a7ca08d34a7a8c88df5a0f8bd5ec/.grpc/metrics-capability:0") retry=FixedIntervalRetry { attempt_timeout_millis: 50, retry_delay_millis: 10, max_duration: 7200s }
2026-01-05T23:14:57.782495Z  INFO run_lifecycler:run_service_and_step_through_lifecycle:step_through_lifecycle:connect_capabilities:connect: grpc_utils::endpoint::connect: Successfully connected to gRPC service endpoint=Uds("/mnt/azureml/cr/j/2266a7ca08d34a7a8c88df5a0f8bd5ec/.grpc/metrics-capability:0")
2026-01-05T23:14:57.782587Z  INFO run_lifecycler:run_service_and_step_through_lifecycle:step_through_lifecycle:connect_capabilities:connect: grpc_utils::endpoint::connect: close time.busy=343µs time.idle=32.4µs
2026-01-05T23:14:57.782780Z  INFO run_lifecycler:run_service_and_step_through_lifecycle:step_through_lifecycle:connect_capabilities:connect: grpc_utils::endpoint::connect: Connecting to gRPC service endpoint=Uds("/mnt/azureml/cr/j/2266a7ca08d34a7a8c88df5a0f8bd5ec/.grpc/metrics-capability:0") retry=FixedIntervalRetry { attempt_timeout_millis: 50, retry_delay_millis: 10, max_duration: 7200s }
2026-01-05T23:14:57.783309Z  INFO run_lifecycler:run_service_and_step_through_lifecycle:step_through_lifecycle:connect_capabilities:connect: grpc_utils::endpoint::connect: Successfully connected to gRPC service endpoint=Uds("/mnt/azureml/cr/j/2266a7ca08d34a7a8c88df5a0f8bd5ec/.grpc/metrics-capability:0")
2026-01-05T23:14:57.783429Z  INFO run_lifecycler:run_service_and_step_through_lifecycle:step_through_lifecycle:connect_capabilities:connect: grpc_utils::endpoint::connect: close time.busy=520µs time.idle=132µs
2026-01-05T23:14:57.783492Z  INFO run_lifecycler:run_service_and_step_through_lifecycle:step_through_lifecycle:connect_capabilities:wait_for_service_healthy: lifecycler::health_monitor: Waiting for service to become healthy: METRICS_CAPABILITY service_name=METRICS_CAPABILITY timeout=30s
2026-01-05T23:14:57.783538Z  WARN run_lifecycler:run_service_and_step_through_lifecycle:step_through_lifecycle:connect_capabilities:wait_for_service_healthy: grpc_utils::span: failed to inject span context to grpc request
2026-01-05T23:14:57.784697Z  INFO run_lifecycler:run_service_and_step_through_lifecycle:step_through_lifecycle:connect_capabilities:wait_for_service_healthy: lifecycler::health_client: Health status for service: METRICS_CAPABILITY service_name=METRICS_CAPABILITY health_status=1
2026-01-05T23:14:57.784747Z  INFO run_lifecycler:run_service_and_step_through_lifecycle:step_through_lifecycle:connect_capabilities:wait_for_service_healthy: lifecycler::health_monitor: Service has become healthy service_name=METRICS_CAPABILITY
2026-01-05T23:14:57.784775Z  INFO run_lifecycler:run_service_and_step_through_lifecycle:step_through_lifecycle:connect_capabilities:wait_for_service_healthy: lifecycler::health_monitor: close time.busy=219µs time.idle=1.07ms
2026-01-05T23:14:57.784961Z  INFO run_lifecycler:run_service_and_step_through_lifecycle:step_through_lifecycle:connect_capabilities:connect: grpc_utils::endpoint::connect: Connecting to gRPC service endpoint=Uds("/mnt/azureml/cr/j/2266a7ca08d34a7a8c88df5a0f8bd5ec/.grpc/snapshot-capability:0") retry=FixedIntervalRetry { attempt_timeout_millis: 50, retry_delay_millis: 10, max_duration: 7200s }
2026-01-05T23:14:57.785528Z  INFO run_lifecycler:run_service_and_step_through_lifecycle:step_through_lifecycle:connect_capabilities:connect: grpc_utils::endpoint::connect: Successfully connected to gRPC service endpoint=Uds("/mnt/azureml/cr/j/2266a7ca08d34a7a8c88df5a0f8bd5ec/.grpc/snapshot-capability:0")
2026-01-05T23:14:57.785665Z  INFO run_lifecycler:run_service_and_step_through_lifecycle:step_through_lifecycle:connect_capabilities:connect: grpc_utils::endpoint::connect: close time.busy=402µs time.idle=307µs
2026-01-05T23:14:57.785825Z  INFO run_lifecycler:run_service_and_step_through_lifecycle:step_through_lifecycle:connect_capabilities:connect: grpc_utils::endpoint::connect: Connecting to gRPC service endpoint=Uds("/mnt/azureml/cr/j/2266a7ca08d34a7a8c88df5a0f8bd5ec/.grpc/snapshot-capability:0") retry=FixedIntervalRetry { attempt_timeout_millis: 50, retry_delay_millis: 10, max_duration: 7200s }
2026-01-05T23:14:57.786348Z  INFO run_lifecycler:run_service_and_step_through_lifecycle:step_through_lifecycle:connect_capabilities:connect: grpc_utils::endpoint::connect: Successfully connected to gRPC service endpoint=Uds("/mnt/azureml/cr/j/2266a7ca08d34a7a8c88df5a0f8bd5ec/.grpc/snapshot-capability:0")
2026-01-05T23:14:57.786602Z  INFO run_lifecycler:run_service_and_step_through_lifecycle:step_through_lifecycle:connect_capabilities:connect: grpc_utils::endpoint::connect: close time.busy=777µs time.idle=4.20µs
2026-01-05T23:14:57.786743Z  INFO run_lifecycler:run_service_and_step_through_lifecycle:step_through_lifecycle:connect_capabilities:wait_for_service_healthy: lifecycler::health_monitor: Waiting for service to become healthy: SNAPSHOT_CAPABILITY service_name=SNAPSHOT_CAPABILITY timeout=30s
2026-01-05T23:14:57.786810Z  WARN run_lifecycler:run_service_and_step_through_lifecycle:step_through_lifecycle:connect_capabilities:wait_for_service_healthy: grpc_utils::span: failed to inject span context to grpc request
2026-01-05T23:14:57.787856Z  INFO run_lifecycler:run_service_and_step_through_lifecycle:step_through_lifecycle:connect_capabilities:wait_for_service_healthy: lifecycler::health_client: Health status for service: SNAPSHOT_CAPABILITY service_name=SNAPSHOT_CAPABILITY health_status=1
2026-01-05T23:14:57.787964Z  INFO run_lifecycler:run_service_and_step_through_lifecycle:step_through_lifecycle:connect_capabilities:wait_for_service_healthy: lifecycler::health_monitor: Service has become healthy service_name=SNAPSHOT_CAPABILITY
2026-01-05T23:14:57.788021Z  INFO run_lifecycler:run_service_and_step_through_lifecycle:step_through_lifecycle:connect_capabilities:wait_for_service_healthy: lifecycler::health_monitor: close time.busy=776µs time.idle=506µs
2026-01-05T23:14:57.788171Z  INFO run_lifecycler:run_service_and_step_through_lifecycle:step_through_lifecycle:connect_capabilities: lifecycler::lifecycle: close time.busy=295ms time.idle=29.6s
2026-01-05T23:14:57.788218Z  WARN grpc_utils::span: failed to inject span context to grpc request
2026-01-05T23:14:57.788267Z  WARN grpc_utils::span: failed to inject span context to grpc request
2026-01-05T23:14:57.788284Z  WARN grpc_utils::span: failed to inject span context to grpc request
2026-01-05T23:14:57.788297Z  WARN grpc_utils::span: failed to inject span context to grpc request
2026-01-05T23:14:57.788783Z  WARN run_lifecycler:run_service_and_step_through_lifecycle:step_through_lifecycle:start_capabilities:start{name="CS_CAPABILITY"}: grpc_utils::span: failed to inject span context to grpc request
2026-01-05T23:14:57.788866Z  WARN run_lifecycler:run_service_and_step_through_lifecycle:step_through_lifecycle:start_capabilities:start{name="HOSTTOOLS_CAPABILITY"}: grpc_utils::span: failed to inject span context to grpc request
2026-01-05T23:14:57.789350Z  WARN run_lifecycler:run_service_and_step_through_lifecycle:step_through_lifecycle:start_capabilities:start{name="METRICS_CAPABILITY"}: grpc_utils::span: failed to inject span context to grpc request
2026-01-05T23:14:57.789957Z  WARN run_lifecycler:run_service_and_step_through_lifecycle:step_through_lifecycle:start_capabilities:start{name="SNAPSHOT_CAPABILITY"}: grpc_utils::span: failed to inject span context to grpc request
2026-01-05T23:14:57.792173Z  INFO run_lifecycler:run_service_and_step_through_lifecycle:step_through_lifecycle:start_capabilities:start{name="METRICS_CAPABILITY"}: lifecycler::capability_client: Received success code for start cap_name=METRICS_CAPABILITY
2026-01-05T23:14:57.794436Z  INFO run_lifecycler:run_service_and_step_through_lifecycle:step_through_lifecycle:start_capabilities:start{name="METRICS_CAPABILITY"}: lifecycler::capability_client: close time.busy=2.89ms time.idle=2.20ms
2026-01-05T23:14:57.794560Z  INFO run_lifecycler:run_service_and_step_through_lifecycle:step_through_lifecycle:start_capabilities:start{name="HOSTTOOLS_CAPABILITY"}: lifecycler::capability_client: Received success code for start cap_name=HOSTTOOLS_CAPABILITY
2026-01-05T23:14:57.794684Z  INFO run_lifecycler:run_service_and_step_through_lifecycle:step_through_lifecycle:start_capabilities:start{name="HOSTTOOLS_CAPABILITY"}: lifecycler::capability_client: close time.busy=634µs time.idle=5.19ms
2026-01-05T23:14:57.898812Z  INFO run_lifecycler:run_service_and_step_through_lifecycle:step_through_lifecycle:start_capabilities:start{name="CS_CAPABILITY"}: lifecycler::capability_client: Received success code for start cap_name=CS_CAPABILITY
2026-01-05T23:14:57.899286Z  INFO run_lifecycler:run_service_and_step_through_lifecycle:step_through_lifecycle:start_capabilities:start{name="CS_CAPABILITY"}: lifecycler::capability_client: close time.busy=696µs time.idle=110ms
2026-01-05T23:14:58.167536Z  INFO run_lifecycler:run_service_and_step_through_lifecycle:step_through_lifecycle:start_capabilities:start{name="SNAPSHOT_CAPABILITY"}: lifecycler::capability_client: Received success code for start cap_name=SNAPSHOT_CAPABILITY
2026-01-05T23:14:58.168154Z  INFO run_lifecycler:run_service_and_step_through_lifecycle:step_through_lifecycle:start_capabilities:start{name="SNAPSHOT_CAPABILITY"}: lifecycler::capability_client: close time.busy=1.38ms time.idle=377ms
2026-01-05T23:14:58.168311Z  INFO run_lifecycler:run_service_and_step_through_lifecycle:step_through_lifecycle:start_capabilities: lifecycler::lifecycle: close time.busy=6.33ms time.idle=373ms
2026-01-05T23:14:58.168367Z  INFO run_lifecycler:run_service_and_step_through_lifecycle:step_through_lifecycle:exit_capabilities{cap_type=Operation job_result=JobResult { job_status: Succeeded, error: None }}: lifecycler::lifecycle: close time.busy=3.10µs time.idle=29.7µs
2026-01-05T23:14:58.168393Z  INFO run_lifecycler:run_service_and_step_through_lifecycle:step_through_lifecycle: lifecycler::lifecycle: exited operation caps: true
2026-01-05T23:14:58.169881Z  INFO run_lifecycler:run_service_and_step_through_lifecycle:step_through_lifecycle:connect_executor:connect:connect: grpc_utils::endpoint::connect: Connecting to gRPC service endpoint=Uds("/mnt/azureml/cr/j/2266a7ca08d34a7a8c88df5a0f8bd5ec/.grpc/executor:0") retry=FixedIntervalRetry { attempt_timeout_millis: 50, retry_delay_millis: 10, max_duration: 7200s }
2026-01-05T23:15:37.798168Z  WARN grpc_utils::span: failed to inject span context to grpc request
2026-01-05T23:15:37.798385Z  WARN grpc_utils::span: failed to inject span context to grpc request
2026-01-05T23:15:37.798439Z  WARN grpc_utils::span: failed to inject span context to grpc request
2026-01-05T23:15:37.798760Z  WARN grpc_utils::span: failed to inject span context to grpc request
2026-01-05T23:15:41.345045Z  INFO run_lifecycler:run_service_and_step_through_lifecycle:step_through_lifecycle:connect_executor:connect:connect: grpc_utils::endpoint::connect: Successfully connected to gRPC service endpoint=Uds("/mnt/azureml/cr/j/2266a7ca08d34a7a8c88df5a0f8bd5ec/.grpc/executor:0")
2026-01-05T23:15:41.345197Z  INFO run_lifecycler:run_service_and_step_through_lifecycle:step_through_lifecycle:connect_executor:connect:connect: grpc_utils::endpoint::connect: close time.busy=417ms time.idle=42.8s
2026-01-05T23:15:41.345234Z  INFO run_lifecycler:run_service_and_step_through_lifecycle:step_through_lifecycle:connect_executor:connect: lifecycler::executor_client: close time.busy=430ms time.idle=42.7s
2026-01-05T23:15:41.345364Z  INFO run_lifecycler:run_service_and_step_through_lifecycle:step_through_lifecycle:connect_executor:connect:connect: grpc_utils::endpoint::connect: Connecting to gRPC service endpoint=Uds("/mnt/azureml/cr/j/2266a7ca08d34a7a8c88df5a0f8bd5ec/.grpc/executor:0") retry=FixedIntervalRetry { attempt_timeout_millis: 50, retry_delay_millis: 10, max_duration: 7200s }
2026-01-05T23:15:41.346400Z  INFO run_lifecycler:run_service_and_step_through_lifecycle:step_through_lifecycle:connect_executor:connect:connect: grpc_utils::endpoint::connect: Successfully connected to gRPC service endpoint=Uds("/mnt/azureml/cr/j/2266a7ca08d34a7a8c88df5a0f8bd5ec/.grpc/executor:0")
2026-01-05T23:15:41.346733Z  INFO run_lifecycler:run_service_and_step_through_lifecycle:step_through_lifecycle:connect_executor:connect:connect: grpc_utils::endpoint::connect: close time.busy=1.28ms time.idle=95.1µs
2026-01-05T23:15:41.346761Z  INFO run_lifecycler:run_service_and_step_through_lifecycle:step_through_lifecycle:connect_executor:connect: lifecycler::executor_client: close time.busy=1.42ms time.idle=95.1µs
2026-01-05T23:15:41.346898Z  INFO run_lifecycler:run_service_and_step_through_lifecycle:step_through_lifecycle:connect_executor:connect: grpc_utils::endpoint::connect: Connecting to gRPC service endpoint=Uds("/mnt/azureml/cr/j/2266a7ca08d34a7a8c88df5a0f8bd5ec/.grpc/executor:0") retry=FixedIntervalRetry { attempt_timeout_millis: 50, retry_delay_millis: 10, max_duration: 7200s }
2026-01-05T23:15:41.347403Z  INFO run_lifecycler:run_service_and_step_through_lifecycle:step_through_lifecycle:connect_executor:connect: grpc_utils::endpoint::connect: Successfully connected to gRPC service endpoint=Uds("/mnt/azureml/cr/j/2266a7ca08d34a7a8c88df5a0f8bd5ec/.grpc/executor:0")
2026-01-05T23:15:41.347614Z  INFO run_lifecycler:run_service_and_step_through_lifecycle:step_through_lifecycle:connect_executor:connect: grpc_utils::endpoint::connect: close time.busy=616µs time.idle=105µs
2026-01-05T23:15:41.347653Z  INFO run_lifecycler:run_service_and_step_through_lifecycle:step_through_lifecycle:connect_executor:wait_for_service_healthy: lifecycler::health_monitor: Waiting for service to become healthy: Executor service_name=Executor timeout=30s
2026-01-05T23:15:41.347689Z  WARN run_lifecycler:run_service_and_step_through_lifecycle:step_through_lifecycle:connect_executor:wait_for_service_healthy: grpc_utils::span: failed to inject span context to grpc request
2026-01-05T23:15:41.352047Z  INFO run_lifecycler:run_service_and_step_through_lifecycle:step_through_lifecycle:connect_executor:wait_for_service_healthy: lifecycler::health_client: Health status for service: Executor service_name=Executor health_status=1
2026-01-05T23:15:41.352169Z  INFO run_lifecycler:run_service_and_step_through_lifecycle:step_through_lifecycle:connect_executor:wait_for_service_healthy: lifecycler::health_monitor: Service has become healthy service_name=Executor
2026-01-05T23:15:41.352219Z  INFO run_lifecycler:run_service_and_step_through_lifecycle:step_through_lifecycle:connect_executor:wait_for_service_healthy: lifecycler::health_monitor: close time.busy=345µs time.idle=4.23ms
2026-01-05T23:15:41.352235Z  INFO run_lifecycler:run_service_and_step_through_lifecycle:step_through_lifecycle:connect_executor: lifecycler::lifecycle: close time.busy=449ms time.idle=42.7s
2026-01-05T23:15:41.352257Z  INFO run_lifecycler:run_service_and_step_through_lifecycle:step_through_lifecycle:connect_lifecyclers{lifecycler_addresses=None}: lifecycler::lifecycle: close time.busy=1.10µs time.idle=6.00µs
2026-01-05T23:15:41.352324Z  INFO run_lifecycler:run_service_and_step_through_lifecycle:step_through_lifecycle:execute: lifecycler::lifecycle: entering phase rank=None phase=0 is_leader=true entered_phases=false
2026-01-05T23:15:41.352389Z  INFO run_lifecycler:run_service_and_step_through_lifecycle:step_through_lifecycle:execute:barrier_sync: lifecycler::lifecycle: close time.busy=900ns time.idle=3.50µs
2026-01-05T23:15:41.352451Z  INFO run_lifecycler:run_service_and_step_through_lifecycle:step_through_lifecycle:execute: lifecycler::lifecycle: Successfully got AzureML Context from environment, updating Run History with new run attempt
2026-01-05T23:15:41.352496Z  WARN run_lifecycler:run_service_and_step_through_lifecycle:step_through_lifecycle:execute: lifecycler::lifecycle: Skip updating run_attempt since cannot find AZUREML_CR_ENABLE_RUN_ATTEMPT_COUNT_BY_RUN_HISTORY from environment
2026-01-05T23:15:41.352545Z  INFO run_lifecycler:run_service_and_step_through_lifecycle:step_through_lifecycle:execute: lifecycler::lifecycle: starting phase execution rank=None phase=0
2026-01-05T23:15:41.352618Z  INFO run_lifecycler:run_service_and_step_through_lifecycle:step_through_lifecycle:execute: lifecycler::lifecycle: executing phase commands rank=None phase=0
2026-01-05T23:15:41.352690Z  INFO run_lifecycler:run_service_and_step_through_lifecycle:step_through_lifecycle:execute:executor_client::execute_commands{lifecycle_address="/mnt/azureml/cr/j/2266a7ca08d34a7a8c88df5a0f8bd5ec/.grpc/lifecycler:0" scheduling=None debug_mode=Some(false)}: lifecycler::executor_client: Executing commands
2026-01-05T23:15:41.352854Z  WARN run_lifecycler:run_service_and_step_through_lifecycle:step_through_lifecycle:execute:executor_client::execute_commands{lifecycle_address="/mnt/azureml/cr/j/2266a7ca08d34a7a8c88df5a0f8bd5ec/.grpc/lifecycler:0" scheduling=None debug_mode=Some(false)}:executor_client::start_execution{lifecycler_address="/mnt/azureml/cr/j/2266a7ca08d34a7a8c88df5a0f8bd5ec/.grpc/lifecycler:0" debug_mode=Some(false) commands_f=Command(Command { executable: Shell { path: None, command: "python src/data_prep.py", success_return_code: Zero { additional_codes: [] } }, stderr: None, stdout: Some("user_logs/std_log.txt") }) path_mappings_f={}}: grpc_utils::span: failed to inject span context to grpc request
2026-01-05T23:15:41.353077Z  INFO run_lifecycler:run_service_and_step_through_lifecycle:step_through_lifecycle:execute:executor_client::execute_commands{lifecycle_address="/mnt/azureml/cr/j/2266a7ca08d34a7a8c88df5a0f8bd5ec/.grpc/lifecycler:0" scheduling=None debug_mode=Some(false)}:executor_client::start_execution{lifecycler_address="/mnt/azureml/cr/j/2266a7ca08d34a7a8c88df5a0f8bd5ec/.grpc/lifecycler:0" debug_mode=Some(false) commands_f=Command(Command { executable: Shell { path: None, command: "python src/data_prep.py", success_return_code: Zero { additional_codes: [] } }, stderr: None, stdout: Some("user_logs/std_log.txt") }) path_mappings_f={}}: lifecycler::executor_client: Starting execution execution_id=0e10e6c4-6a86-4340-932e-e4efc5a9551b lifecycler_address=/mnt/azureml/cr/j/2266a7ca08d34a7a8c88df5a0f8bd5ec/.grpc/lifecycler:0
2026-01-05T23:15:41.372676Z  INFO run_lifecycler:run_service_and_step_through_lifecycle:step_through_lifecycle:execute:executor_client::execute_commands{lifecycle_address="/mnt/azureml/cr/j/2266a7ca08d34a7a8c88df5a0f8bd5ec/.grpc/lifecycler:0" scheduling=None debug_mode=Some(false)}:executor_client::start_execution{lifecycler_address="/mnt/azureml/cr/j/2266a7ca08d34a7a8c88df5a0f8bd5ec/.grpc/lifecycler:0" debug_mode=Some(false) commands_f=Command(Command { executable: Shell { path: None, command: "python src/data_prep.py", success_return_code: Zero { additional_codes: [] } }, stderr: None, stdout: Some("user_logs/std_log.txt") }) path_mappings_f={}}: lifecycler::executor_client: close time.busy=726µs time.idle=19.1ms
2026-01-05T23:15:41.372740Z  INFO run_lifecycler:run_service_and_step_through_lifecycle:step_through_lifecycle:execute:executor_client::execute_commands{lifecycle_address="/mnt/azureml/cr/j/2266a7ca08d34a7a8c88df5a0f8bd5ec/.grpc/lifecycler:0" scheduling=None debug_mode=Some(false)}: lifecycler::executor_client: Waiting for execution completion execution_id="0e10e6c4-6a86-4340-932e-e4efc5a9551b"
2026-01-05T23:15:42.787615Z  INFO ExecutionCallbackServicer::complete_execution: grpc_utils::server: Got grpc request request_name="complete_execution" remote_addr=None
2026-01-05T23:15:42.787770Z  INFO ExecutionCallbackServicer::complete_execution: lifecycler::service: close time.busy=169µs time.idle=10.0µs
2026-01-05T23:15:42.787801Z  INFO run_lifecycler:run_service_and_step_through_lifecycle:step_through_lifecycle:execute:executor_client::execute_commands{lifecycle_address="/mnt/azureml/cr/j/2266a7ca08d34a7a8c88df5a0f8bd5ec/.grpc/lifecycler:0" scheduling=None debug_mode=Some(false)}:executor_client::wait_for_execution_completion{execution_id="0e10e6c4-6a86-4340-932e-e4efc5a9551b"}: lifecycler::executor_client: close time.busy=6.50µs time.idle=1.41s
2026-01-05T23:15:42.787925Z  INFO run_lifecycler:run_service_and_step_through_lifecycle:step_through_lifecycle:execute:executor_client::execute_commands{lifecycle_address="/mnt/azureml/cr/j/2266a7ca08d34a7a8c88df5a0f8bd5ec/.grpc/lifecycler:0" scheduling=None debug_mode=Some(false)}: lifecycler::executor_client: Execution completed execution_id="0e10e6c4-6a86-4340-932e-e4efc5a9551b"
2026-01-05T23:15:42.787964Z  INFO run_lifecycler:run_service_and_step_through_lifecycle:step_through_lifecycle:execute:executor_client::execute_commands{lifecycle_address="/mnt/azureml/cr/j/2266a7ca08d34a7a8c88df5a0f8bd5ec/.grpc/lifecycler:0" scheduling=None debug_mode=Some(false)}: lifecycler::executor_client: close time.busy=1.21ms time.idle=1.43s
2026-01-05T23:15:42.787979Z  INFO run_lifecycler:run_service_and_step_through_lifecycle:step_through_lifecycle:execute: lifecycler::lifecycle: phase execution completed. rank=None phase=0
2026-01-05T23:15:42.788761Z  INFO run_lifecycler:run_service_and_step_through_lifecycle:step_through_lifecycle:execute: lifecycler::lifecycle: close time.busy=2.43ms time.idle=1.43s
2026-01-05T23:15:42.788818Z  WARN run_lifecycler:run_service_and_step_through_lifecycle:step_through_lifecycle:end_service_capabilities:end{name="CS_CAPABILITY"}: grpc_utils::span: failed to inject span context to grpc request
2026-01-05T23:15:42.789012Z  WARN run_lifecycler:run_service_and_step_through_lifecycle:step_through_lifecycle:end_service_capabilities:end{name="HOSTTOOLS_CAPABILITY"}: grpc_utils::span: failed to inject span context to grpc request
2026-01-05T23:15:42.789244Z  WARN run_lifecycler:run_service_and_step_through_lifecycle:step_through_lifecycle:end_service_capabilities:end{name="METRICS_CAPABILITY"}: grpc_utils::span: failed to inject span context to grpc request
2026-01-05T23:15:42.789352Z  WARN run_lifecycler:run_service_and_step_through_lifecycle:step_through_lifecycle:end_service_capabilities:end{name="SNAPSHOT_CAPABILITY"}: grpc_utils::span: failed to inject span context to grpc request
2026-01-05T23:15:42.794360Z  INFO run_lifecycler:run_service_and_step_through_lifecycle:step_through_lifecycle:end_service_capabilities:end{name="METRICS_CAPABILITY"}: lifecycler::capability_client: Received success code for end cap_name=METRICS_CAPABILITY
2026-01-05T23:15:42.794405Z  INFO run_lifecycler:run_service_and_step_through_lifecycle:step_through_lifecycle:end_service_capabilities:end{name="METRICS_CAPABILITY"}: lifecycler::capability_client: close time.busy=182µs time.idle=4.99ms
2026-01-05T23:15:42.795359Z  INFO run_lifecycler:run_service_and_step_through_lifecycle:step_through_lifecycle:end_service_capabilities:end{name="SNAPSHOT_CAPABILITY"}: lifecycler::capability_client: Received success code for end cap_name=SNAPSHOT_CAPABILITY
2026-01-05T23:15:42.795400Z  INFO run_lifecycler:run_service_and_step_through_lifecycle:step_through_lifecycle:end_service_capabilities:end{name="SNAPSHOT_CAPABILITY"}: lifecycler::capability_client: close time.busy=238µs time.idle=5.81ms
